<?xml version="1.0" encoding="UTF-8"?>
<!-- Generated by org.testng.reporters.JUnitXMLReporter -->
<testsuite hostname="tushkan" name="Nopackage" tests="1" failures="1" timestamp="24 Oct 2014 17:26:44 GMT" time="0.036" errors="0">
  <testcase name="detPrimeTest" time="0.011" classname="Lesson2.PrimeNumber">
    <failure type="java.lang.AssertionError" message="expected [true] but found [false]">
      <![CDATA[java.lang.AssertionError: expected [true] but found [false]
	at Lesson2.PrimeNumber.detPrimeTest(PrimeNumber.java:15)
... Removed 32 stack frames]]>
    </failure>
  </testcase> <!-- detPrimeTest -->
</testsuite> <!-- Nopackage -->
